[2026-01-06T15:50:35.426+0000] {taskinstance.py:1956} INFO - Dependencies all met for dep_context=non-requeueable deps ti=<TaskInstance: stock_trading_etl_pipeline.run_stock_trading_etl_job scheduled__2026-01-05T00:00:00+00:00 [queued]>
[2026-01-06T15:50:35.434+0000] {taskinstance.py:1956} INFO - Dependencies all met for dep_context=requeueable deps ti=<TaskInstance: stock_trading_etl_pipeline.run_stock_trading_etl_job scheduled__2026-01-05T00:00:00+00:00 [queued]>
[2026-01-06T15:50:35.435+0000] {taskinstance.py:2170} INFO - Starting attempt 2 of 2
[2026-01-06T15:50:35.448+0000] {taskinstance.py:2191} INFO - Executing <Task(DatabricksRunNowOperator): run_stock_trading_etl_job> on 2026-01-05 00:00:00+00:00
[2026-01-06T15:50:35.453+0000] {standard_task_runner.py:60} INFO - Started process 242 to run task
[2026-01-06T15:50:35.458+0000] {standard_task_runner.py:87} INFO - Running: ['***', 'tasks', 'run', 'stock_trading_etl_pipeline', 'run_stock_trading_etl_job', 'scheduled__2026-01-05T00:00:00+00:00', '--job-id', '5', '--raw', '--subdir', 'DAGS_FOLDER/stock_trading_etl_pipeline.py', '--cfg-path', '/tmp/tmpyna9iojf']
[2026-01-06T15:50:35.462+0000] {standard_task_runner.py:88} INFO - Job 5: Subtask run_stock_trading_etl_job
[2026-01-06T15:50:35.564+0000] {task_command.py:423} INFO - Running <TaskInstance: stock_trading_etl_pipeline.run_stock_trading_etl_job scheduled__2026-01-05T00:00:00+00:00 [running]> on host f1e6bfda9dae
[2026-01-06T15:50:35.645+0000] {taskinstance.py:2480} INFO - Exporting env vars: AIRFLOW_CTX_DAG_OWNER='***' AIRFLOW_CTX_DAG_ID='stock_trading_etl_pipeline' AIRFLOW_CTX_TASK_ID='run_stock_trading_etl_job' AIRFLOW_CTX_EXECUTION_DATE='2026-01-05T00:00:00+00:00' AIRFLOW_CTX_TRY_NUMBER='2' AIRFLOW_CTX_DAG_RUN_ID='scheduled__2026-01-05T00:00:00+00:00'
[2026-01-06T15:50:35.661+0000] {taskinstance.py:2698} ERROR - Task failed with exception
Traceback (most recent call last):
  File "/home/airflow/.local/lib/python3.8/site-packages/airflow/models/taskinstance.py", line 433, in _execute_task
    result = execute_callable(context=context, **execute_callable_kwargs)
  File "/home/airflow/.local/lib/python3.8/site-packages/airflow/providers/databricks/operators/databricks.py", line 918, in execute
    self.run_id = hook.run_now(self.json)
  File "/home/airflow/.local/lib/python3.8/site-packages/airflow/providers/databricks/hooks/databricks.py", line 253, in run_now
    response = self._do_api_call(RUN_NOW_ENDPOINT, json)
  File "/home/airflow/.local/lib/python3.8/site-packages/airflow/providers/databricks/hooks/databricks_base.py", line 536, in _do_api_call
    url = f"https://{self.host}/{endpoint}"
  File "/usr/local/lib/python3.8/functools.py", line 967, in __get__
    val = self.func(instance)
  File "/home/airflow/.local/lib/python3.8/site-packages/airflow/providers/databricks/hooks/databricks_base.py", line 158, in host
    if "host" in self.databricks_conn.extra_dejson:
  File "/usr/local/lib/python3.8/functools.py", line 967, in __get__
    val = self.func(instance)
  File "/home/airflow/.local/lib/python3.8/site-packages/airflow/providers/databricks/hooks/databricks_base.py", line 133, in databricks_conn
    return self.get_connection(self.databricks_conn_id)
  File "/home/airflow/.local/lib/python3.8/site-packages/airflow/hooks/base.py", line 82, in get_connection
    conn = Connection.get_connection_from_secrets(conn_id)
  File "/home/airflow/.local/lib/python3.8/site-packages/airflow/models/connection.py", line 479, in get_connection_from_secrets
    raise AirflowNotFoundException(f"The conn_id `{conn_id}` isn't defined")
airflow.exceptions.AirflowNotFoundException: The conn_id `databricks_default` isn't defined
[2026-01-06T15:50:35.665+0000] {taskinstance.py:1138} INFO - Marking task as FAILED. dag_id=stock_trading_etl_pipeline, task_id=run_stock_trading_etl_job, execution_date=20260105T000000, start_date=20260106T155035, end_date=20260106T155035
[2026-01-06T15:50:35.676+0000] {standard_task_runner.py:107} ERROR - Failed to execute job 5 for task run_stock_trading_etl_job (The conn_id `databricks_default` isn't defined; 242)
[2026-01-06T15:50:35.712+0000] {local_task_job_runner.py:234} INFO - Task exited with return code 1
[2026-01-06T15:50:35.730+0000] {taskinstance.py:3280} INFO - 0 downstream tasks scheduled from follow-on schedule check
